Arguments: 
  C:\Program Files (x86)\nodejs\node.exe C:\Users\vcycr\AppData\Roaming\npm\node_modules\yarn\bin\yarn.js add multer

PATH: 
  C:\Program Files (x86)\VMware\VMware Player\bin\;C:\WINDOWS\system32;C:\WINDOWS;C:\WINDOWS\System32\Wbem;C:\WINDOWS\System32\WindowsPowerShell\v1.0\;C:\WINDOWS\System32\OpenSSH\;C:\ProgramData\chocolatey\bin;C:\MinGW\bin;C:\Program Files\Git\cmd;"c:\Windows\System32;";C:\Users\vcycr\AppData\Local\Programs\Python\Python310;C:\Users\vcycr\AppData\Local\Programs\Python\Python310\Scripts;C:\Program Files\dotnet\;C:\Program Files (x86)\nodejs\;C:\Program Files\MongoDB\Server\6.0\bin;C:\Users\vcycr\AppData\Roaming\npm\node_modules\yarn\bin;C:\Users\vcycr\AppData\Local\Microsoft\WindowsApps;C:\Users\vcycr\AppData\Local\Programs\Microsoft VS Code\bin;C:\MinGW\bin;C:\Users\vcycr\AppData\Roaming\npm;C:\Program Files\MongoDB\Server\6.0\bin;

Yarn version: 
  1.22.19

Node version: 
  18.15.0

Platform: 
  win32 ia32

Trace: 
  Error: EPERM: operation not permitted, unlink 'C:\Users\vcycr\OneDrive\Desktop\react app\api\node_modules\bcrypt\lib\binding\napi-v3\bcrypt_lib.node'

npm manifest: 
  {
    "dependencies": {
      "bcrypt": "^5.1.0",
      "dotenv": "^16.0.3",
      "express": "^4.18.2",
      "mongoose": "^7.0.3",
      "multer": "^1.4.5-lts.1",
      "nodemon": "^2.0.22"
    },
    "name": "api",
    "version": "1.0.0",
    "main": "index.js",
    "scripts": {
      "start": "nodemon index.js"
    },
    "author": "",
    "license": "ISC",
    "description": ""
  }

yarn manifest: 
  No manifest

Lockfile: 
  No lockfile
